<?xml version="1.0" encoding="UTF-8"?>
<!-- Generated by org.testng.reporters.JUnitXMLReporter -->
<testsuite hostname="DESKTOP-VBI6MIP" ignored="4" name="Test" tests="1" failures="0" timestamp="2021-06-10T02:59:47 IST" time="0.081" errors="0">
  <testcase name="login" time="0.012" classname="groups.Groups"/>
  <testcase name="addToCart" time="0.0" classname="groups.Groups">
    <ignored/>
  </testcase> <!-- addToCart -->
  <testcase name="signUp" time="0.0" classname="groups.Groups">
    <ignored/>
  </testcase> <!-- signUp -->
  <testcase name="searchProduct" time="0.0" classname="groups.Groups">
    <ignored/>
  </testcase> <!-- searchProduct -->
  <testcase name="signOut" time="0.0" classname="groups.Groups">
    <ignored/>
  </testcase> <!-- signOut -->
</testsuite> <!-- Test -->
