<?xml version="1.0" encoding="UTF-8"?>
<testng-results skipped="0" failed="0" ignored="0" total="1" passed="1">
  <reporter-output>
  </reporter-output>
  <suite name="Default suite" duration-ms="12251" started-at="2021-06-12T01:54:46 IST" finished-at="2021-06-12T01:54:59 IST">
    <groups>
    </groups>
    <test name="Default test" duration-ms="12251" started-at="2021-06-12T01:54:46 IST" finished-at="2021-06-12T01:54:59 IST">
      <class name="parameter.Parameter">
        <test-method status="PASS" signature="login()[pri:0, instance:parameter.Parameter@71bbf57e]" name="login" duration-ms="12187" started-at="2021-06-12T01:54:46 IST" finished-at="2021-06-12T01:54:59 IST">
          <reporter-output>
          </reporter-output>
        </test-method> <!-- login -->
      </class> <!-- parameter.Parameter -->
    </test> <!-- Default test -->
  </suite> <!-- Default suite -->
</testng-results>
